L 04/08/2022 - 19:47:04: SourceMod error session started
L 04/08/2022 - 19:47:04: Info (map "de_inferno") (file "/home/container/csgo/addons/sourcemod/logs/errors_20220408.log")
L 04/08/2022 - 19:47:04: [SM] Exception reported: Menu handle 23900ee is invalid (error 1)
L 04/08/2022 - 19:47:04: [SM] Blaming: get5.smx
L 04/08/2022 - 19:47:04: [SM] Call stack trace:
L 04/08/2022 - 19:47:04: [SM]   [0] Menu.Cancel
L 04/08/2022 - 19:47:04: [SM]   [1] Line 822, ./scripting/get5.sp::Command_EndMatch
L 04/08/2022 - 19:47:04: [SM]   [3] FakeClientCommand
L 04/08/2022 - 19:47:04: [SM]   [4] Line 44, ./scripting/get5/get5menu.sp::AdminMenuHandler
L 04/08/2022 - 19:47:14: Error log file session closed.
L 04/08/2022 - 19:49:21: SourceMod error session started
L 04/08/2022 - 19:49:21: Info (map "de_dust2") (file "/home/container/csgo/addons/sourcemod/logs/errors_20220408.log")
L 04/08/2022 - 19:49:21: [SM] Exception reported: Menu handle 1a800e9 is invalid (error 1)
L 04/08/2022 - 19:49:21: [SM] Blaming: get5.smx
L 04/08/2022 - 19:49:21: [SM] Call stack trace:
L 04/08/2022 - 19:49:21: [SM]   [0] Menu.Cancel
L 04/08/2022 - 19:49:21: [SM]   [1] Line 822, ./scripting/get5.sp::Command_EndMatch
L 04/08/2022 - 19:49:21: [SM]   [3] FakeClientCommand
L 04/08/2022 - 19:49:21: [SM]   [4] Line 44, ./scripting/get5/get5menu.sp::AdminMenuHandler
L 04/08/2022 - 19:49:32: Error log file session closed.
L 04/08/2022 - 19:50:36: SourceMod error session started
L 04/08/2022 - 19:50:36: Info (map "de_nuke") (file "/home/container/csgo/addons/sourcemod/logs/errors_20220408.log")
L 04/08/2022 - 19:50:36: [SM] Exception reported: Menu handle 27d0105 is invalid (error 1)
L 04/08/2022 - 19:50:36: [SM] Blaming: get5.smx
L 04/08/2022 - 19:50:36: [SM] Call stack trace:
L 04/08/2022 - 19:50:36: [SM]   [0] Menu.Cancel
L 04/08/2022 - 19:50:36: [SM]   [1] Line 822, ./scripting/get5.sp::Command_EndMatch
L 04/08/2022 - 19:50:36: [SM]   [3] FakeClientCommand
L 04/08/2022 - 19:50:36: [SM]   [4] Line 44, ./scripting/get5/get5menu.sp::AdminMenuHandler
L 04/08/2022 - 19:50:47: Error log file session closed.
L 04/08/2022 - 19:52:16: SourceMod error session started
L 04/08/2022 - 19:52:16: Info (map "de_nuke") (file "/home/container/csgo/addons/sourcemod/logs/errors_20220408.log")
L 04/08/2022 - 19:52:16: [SM] Exception reported: Menu handle 3470123 is invalid (error 1)
L 04/08/2022 - 19:52:16: [SM] Blaming: get5.smx
L 04/08/2022 - 19:52:16: [SM] Call stack trace:
L 04/08/2022 - 19:52:16: [SM]   [0] Menu.Cancel
L 04/08/2022 - 19:52:16: [SM]   [1] Line 822, ./scripting/get5.sp::Command_EndMatch
L 04/08/2022 - 19:52:16: [SM]   [3] FakeClientCommand
L 04/08/2022 - 19:52:16: [SM]   [4] Line 44, ./scripting/get5/get5menu.sp::AdminMenuHandler
L 04/08/2022 - 19:54:13: Error log file session closed.
L 04/08/2022 - 19:54:36: SourceMod error session started
L 04/08/2022 - 19:54:36: Info (map "de_nuke") (file "/home/container/csgo/addons/sourcemod/logs/errors_20220408.log")
L 04/08/2022 - 19:54:36: [SM] Exception reported: Menu handle 3d10141 is invalid (error 1)
L 04/08/2022 - 19:54:36: [SM] Blaming: get5.smx
L 04/08/2022 - 19:54:36: [SM] Call stack trace:
L 04/08/2022 - 19:54:36: [SM]   [0] Menu.Cancel
L 04/08/2022 - 19:54:36: [SM]   [1] Line 822, ./scripting/get5.sp::Command_EndMatch
L 04/08/2022 - 19:54:36: [SM]   [3] FakeClientCommand
L 04/08/2022 - 19:54:36: [SM]   [4] Line 44, ./scripting/get5/get5menu.sp::AdminMenuHandler
L 04/08/2022 - 19:55:33: Error log file session closed.
L 04/08/2022 - 19:55:59: SourceMod error session started
L 04/08/2022 - 19:55:59: Info (map "de_nuke") (file "/home/container/csgo/addons/sourcemod/logs/errors_20220408.log")
L 04/08/2022 - 19:55:59: [SM] Exception reported: Menu handle 4ca0164 is invalid (error 1)
L 04/08/2022 - 19:55:59: [SM] Blaming: get5.smx
L 04/08/2022 - 19:55:59: [SM] Call stack trace:
L 04/08/2022 - 19:55:59: [SM]   [0] Menu.Cancel
L 04/08/2022 - 19:55:59: [SM]   [1] Line 822, ./scripting/get5.sp::Command_EndMatch
L 04/08/2022 - 19:55:59: [SM]   [3] FakeClientCommand
L 04/08/2022 - 19:55:59: [SM]   [4] Line 44, ./scripting/get5/get5menu.sp::AdminMenuHandler
L 04/08/2022 - 19:57:15: [SM] Exception reported: Menu handle 59c0180 is invalid (error 1)
L 04/08/2022 - 19:57:15: [SM] Blaming: get5.smx
L 04/08/2022 - 19:57:15: [SM] Call stack trace:
L 04/08/2022 - 19:57:15: [SM]   [0] Menu.Cancel
L 04/08/2022 - 19:57:15: [SM]   [1] Line 822, ./scripting/get5.sp::Command_EndMatch
L 04/08/2022 - 19:57:15: [SM]   [3] FakeClientCommand
L 04/08/2022 - 19:57:15: [SM]   [4] Line 44, ./scripting/get5/get5menu.sp::AdminMenuHandler
L 04/08/2022 - 19:58:00: [SM] Exception reported: Menu handle 624019e is invalid (error 1)
L 04/08/2022 - 19:58:00: [SM] Blaming: get5.smx
L 04/08/2022 - 19:58:00: [SM] Call stack trace:
L 04/08/2022 - 19:58:00: [SM]   [0] Menu.Cancel
L 04/08/2022 - 19:58:00: [SM]   [1] Line 822, ./scripting/get5.sp::Command_EndMatch
L 04/08/2022 - 19:58:00: [SM]   [3] FakeClientCommand
L 04/08/2022 - 19:58:00: [SM]   [4] Line 44, ./scripting/get5/get5menu.sp::AdminMenuHandler
L 04/08/2022 - 19:59:56: [SM] Exception reported: Menu handle 67c01b0 is invalid (error 1)
L 04/08/2022 - 19:59:56: [SM] Blaming: get5.smx
L 04/08/2022 - 19:59:56: [SM] Call stack trace:
L 04/08/2022 - 19:59:56: [SM]   [0] Menu.Cancel
L 04/08/2022 - 19:59:56: [SM]   [1] Line 822, ./scripting/get5.sp::Command_EndMatch
L 04/08/2022 - 19:59:56: [SM]   [3] FakeClientCommand
L 04/08/2022 - 19:59:56: [SM]   [4] Line 44, ./scripting/get5/get5menu.sp::AdminMenuHandler
L 04/08/2022 - 20:00:53: Error log file session closed.
L 04/08/2022 - 20:02:23: SourceMod error session started
L 04/08/2022 - 20:02:23: Info (map "de_dust2") (file "/home/container/csgo/addons/sourcemod/logs/errors_20220408.log")
L 04/08/2022 - 20:02:23: [SM] Exception reported: Menu handle 19d00e5 is invalid (error 1)
L 04/08/2022 - 20:02:23: [SM] Blaming: get5.smx
L 04/08/2022 - 20:02:23: [SM] Call stack trace:
L 04/08/2022 - 20:02:23: [SM]   [0] Menu.Cancel
L 04/08/2022 - 20:02:23: [SM]   [1] Line 822, ./scripting/get5.sp::Command_EndMatch
L 04/08/2022 - 20:02:23: [SM]   [3] FakeClientCommand
L 04/08/2022 - 20:02:23: [SM]   [4] Line 44, ./scripting/get5/get5menu.sp::AdminMenuHandler
L 04/08/2022 - 20:04:16: Error log file session closed.
L 04/08/2022 - 20:04:37: SourceMod error session started
L 04/08/2022 - 20:04:37: Info (map "de_dust2") (file "/home/container/csgo/addons/sourcemod/logs/errors_20220408.log")
L 04/08/2022 - 20:04:37: [SM] Exception reported: Menu handle 22f0105 is invalid (error 1)
L 04/08/2022 - 20:04:37: [SM] Blaming: get5.smx
L 04/08/2022 - 20:04:37: [SM] Call stack trace:
L 04/08/2022 - 20:04:37: [SM]   [0] Menu.Cancel
L 04/08/2022 - 20:04:37: [SM]   [1] Line 822, ./scripting/get5.sp::Command_EndMatch
L 04/08/2022 - 20:04:37: [SM]   [3] FakeClientCommand
L 04/08/2022 - 20:04:37: [SM]   [4] Line 44, ./scripting/get5/get5menu.sp::AdminMenuHandler
L 04/08/2022 - 20:05:03: Error log file session closed.
