L 03/27/2022 - 15:01:28: SourceMod log file session started (file "/home/container/csgo/addons/sourcemod/logs/L20220327.log") (Version "1.10.0.6536")
L 03/27/2022 - 15:01:28: -------- Mapchange to de_dust2 --------
L 03/27/2022 - 15:04:28: Log file closed.
L 03/27/2022 - 15:05:34: SourceMod log file session started (file "/home/container/csgo/addons/sourcemod/logs/L20220327.log") (Version "1.10.0.6536")
L 03/27/2022 - 15:05:34: -------- Mapchange to de_dust2 --------
L 03/27/2022 - 15:07:35: Log file closed.
L 03/27/2022 - 15:08:14: SourceMod log file session started (file "/home/container/csgo/addons/sourcemod/logs/L20220327.log") (Version "1.10.0.6536")
L 03/27/2022 - 15:08:14: -------- Mapchange to de_dust2 --------
L 03/27/2022 - 15:09:00: [basecommands.smx] "Iwhite<3><STEAM_1:1:36449228><>" changed map to "de_inferno"
L 03/27/2022 - 15:09:03: [SM] Changed map to "de_inferno"
L 03/27/2022 - 15:09:06: -------- Mapchange to de_inferno --------
L 03/27/2022 - 15:15:04: Log file closed.
L 03/27/2022 - 15:15:40: SourceMod log file session started (file "/home/container/csgo/addons/sourcemod/logs/L20220327.log") (Version "1.10.0.6536")
L 03/27/2022 - 15:15:40: -------- Mapchange to de_dust2 --------
L 03/27/2022 - 15:23:02: Log file closed.
L 03/27/2022 - 15:23:52: SourceMod log file session started (file "/home/container/csgo/addons/sourcemod/logs/L20220327.log") (Version "1.10.0.6536")
L 03/27/2022 - 15:23:52: -------- Mapchange to de_dust2 --------
L 03/27/2022 - 15:24:41: [basecommands.smx] "Iwhite<3><STEAM_1:1:36449228><>" console command (cmdline "sv_load_forced_client_names_file "Playername.txt"")
L 03/27/2022 - 15:25:52: [basecommands.smx] "Iwhite<3><STEAM_1:1:36449228><>" console command (cmdline "sv_load_forced_client_names_file "Playername.txt"")
L 03/27/2022 - 15:26:23: [basecommands.smx] "Iwhite<3><STEAM_1:1:36449228><>" console command (cmdline "sv_load_forced_client_names_file "Playername.txt"")
L 03/27/2022 - 15:26:55: [basecommands.smx] "Iwhite<3><STEAM_1:1:36449228><>" console command (cmdline "sv_load_forced_client_names_file "Playername.txt"")
L 03/27/2022 - 15:27:16: [basecommands.smx] "Iwhite<3><STEAM_1:1:36449228><>" console command (cmdline "sv_load_forced_client_names_file "Playername.txt"")
L 03/27/2022 - 17:03:41: Log file closed.
L 03/27/2022 - 17:44:54: SourceMod log file session started (file "/home/container/csgo/addons/sourcemod/logs/L20220327.log") (Version "1.10.0.6536")
L 03/27/2022 - 17:44:54: [get5discord.smx] Found get5discord.cfg file. Loading...
L 03/27/2022 - 17:44:54: [get5discord.smx] Webhook URL set to https://discord.com/api/webhooks/957696543127900210/6AJiWzI43fkTKEZpXzYsJDXDmX5hc1Zqd3_ZJnf3crzD6rKpCnNtweQp4eN_8YgkJ5pS
L 03/27/2022 - 17:44:54: [get5discord.smx] Username set to Match Result Bot
L 03/27/2022 - 17:44:54: [get5discord.smx] Avatar URL set to https://i.imgur.com/rHYHg0j.png
L 03/27/2022 - 17:44:54: [get5discord.smx] Color set to 39423
L 03/27/2022 - 17:49:14: -------- Mapchange to de_dust2 --------
L 03/27/2022 - 18:36:58: Log file closed.
L 03/27/2022 - 18:37:21: SourceMod log file session started (file "/home/container/csgo/addons/sourcemod/logs/L20220327.log") (Version "1.10.0.6536")
L 03/27/2022 - 18:37:21: [get5discord.smx] Found get5discord.cfg file. Loading...
L 03/27/2022 - 18:37:21: [get5discord.smx] Webhook URL set to https://discord.com/api/webhooks/957696543127900210/6AJiWzI43fkTKEZpXzYsJDXDmX5hc1Zqd3_ZJnf3crzD6rKpCnNtweQp4eN_8YgkJ5pS
L 03/27/2022 - 18:37:21: [get5discord.smx] Username set to Match Result Bot
L 03/27/2022 - 18:37:21: [get5discord.smx] Avatar URL set to https://i.imgur.com/rHYHg0j.png
L 03/27/2022 - 18:37:21: [get5discord.smx] Color set to 39423
L 03/31/2022 - 19:32:24: Log file closed.
