L 04/05/2022 - 18:16:07: SourceMod log file session started (file "/home/container/csgo/addons/sourcemod/logs/L20220405.log") (Version "1.10.0.6536")
L 04/05/2022 - 18:16:07: [get5discord.smx] Found get5discord.cfg file. Loading...
L 04/05/2022 - 18:16:07: [get5discord.smx] Webhook URL set to https://discord.com/api/webhooks/957696543127900210/6AJiWzI43fkTKEZpXzYsJDXDmX5hc1Zqd3_ZJnf3crzD6rKpCnNtweQp4eN_8YgkJ5pS
L 04/05/2022 - 18:16:07: [get5discord.smx] Username set to Match Result Bot
L 04/05/2022 - 18:16:07: [get5discord.smx] Avatar URL set to https://i.imgur.com/rHYHg0j.png
L 04/05/2022 - 18:16:07: [get5discord.smx] Color set to 39423
L 04/05/2022 - 18:16:41: -------- Mapchange to de_dust2 --------
L 04/05/2022 - 18:20:13: Log file closed.
L 04/05/2022 - 18:20:27: SourceMod log file session started (file "/home/container/csgo/addons/sourcemod/logs/L20220405.log") (Version "1.10.0.6536")
L 04/05/2022 - 18:20:27: [get5discord.smx] Found get5discord.cfg file. Loading...
L 04/05/2022 - 18:20:27: [get5discord.smx] Webhook URL set to https://discord.com/api/webhooks/957696543127900210/6AJiWzI43fkTKEZpXzYsJDXDmX5hc1Zqd3_ZJnf3crzD6rKpCnNtweQp4eN_8YgkJ5pS
L 04/05/2022 - 18:20:27: [get5discord.smx] Username set to Match Result Bot
L 04/05/2022 - 18:20:27: [get5discord.smx] Avatar URL set to https://i.imgur.com/rHYHg0j.png
L 04/05/2022 - 18:20:27: [get5discord.smx] Color set to 39423
L 04/05/2022 - 18:20:50: -------- Mapchange to de_dust2 --------
L 04/05/2022 - 18:25:17: Log file closed.
L 04/05/2022 - 18:25:33: SourceMod log file session started (file "/home/container/csgo/addons/sourcemod/logs/L20220405.log") (Version "1.10.0.6536")
L 04/05/2022 - 18:25:33: [get5discord.smx] Found get5discord.cfg file. Loading...
L 04/05/2022 - 18:25:33: [get5discord.smx] Webhook URL set to https://discord.com/api/webhooks/957696543127900210/6AJiWzI43fkTKEZpXzYsJDXDmX5hc1Zqd3_ZJnf3crzD6rKpCnNtweQp4eN_8YgkJ5pS
L 04/05/2022 - 18:25:33: [get5discord.smx] Username set to Match Result Bot
L 04/05/2022 - 18:25:33: [get5discord.smx] Avatar URL set to https://i.imgur.com/rHYHg0j.png
L 04/05/2022 - 18:25:33: [get5discord.smx] Color set to 39423
L 04/05/2022 - 18:26:02: -------- Mapchange to de_dust2 --------
L 04/05/2022 - 18:30:01: Log file closed.
L 04/05/2022 - 18:30:15: SourceMod log file session started (file "/home/container/csgo/addons/sourcemod/logs/L20220405.log") (Version "1.10.0.6536")
L 04/05/2022 - 18:30:15: [get5discord.smx] Found get5discord.cfg file. Loading...
L 04/05/2022 - 18:30:15: [get5discord.smx] Webhook URL set to https://discord.com/api/webhooks/957696543127900210/6AJiWzI43fkTKEZpXzYsJDXDmX5hc1Zqd3_ZJnf3crzD6rKpCnNtweQp4eN_8YgkJ5pS
L 04/05/2022 - 18:30:15: [get5discord.smx] Username set to Match Result Bot
L 04/05/2022 - 18:30:15: [get5discord.smx] Avatar URL set to https://i.imgur.com/rHYHg0j.png
L 04/05/2022 - 18:30:15: [get5discord.smx] Color set to 39423
L 04/05/2022 - 18:33:30: Log file closed.
L 04/05/2022 - 18:33:44: SourceMod log file session started (file "/home/container/csgo/addons/sourcemod/logs/L20220405.log") (Version "1.10.0.6536")
L 04/05/2022 - 18:33:44: [get5discord.smx] Found get5discord.cfg file. Loading...
L 04/05/2022 - 18:33:44: [get5discord.smx] Webhook URL set to https://discord.com/api/webhooks/957696543127900210/6AJiWzI43fkTKEZpXzYsJDXDmX5hc1Zqd3_ZJnf3crzD6rKpCnNtweQp4eN_8YgkJ5pS
L 04/05/2022 - 18:33:44: [get5discord.smx] Username set to Match Result Bot
L 04/05/2022 - 18:33:44: [get5discord.smx] Avatar URL set to https://i.imgur.com/rHYHg0j.png
L 04/05/2022 - 18:33:44: [get5discord.smx] Color set to 39423
L 04/05/2022 - 18:34:19: -------- Mapchange to de_dust2 --------
L 04/05/2022 - 18:36:53: Log file closed.
L 04/05/2022 - 18:37:08: SourceMod log file session started (file "/home/container/csgo/addons/sourcemod/logs/L20220405.log") (Version "1.10.0.6536")
L 04/05/2022 - 18:37:08: [get5discord.smx] Found get5discord.cfg file. Loading...
L 04/05/2022 - 18:37:08: [get5discord.smx] Webhook URL set to https://discord.com/api/webhooks/957696543127900210/6AJiWzI43fkTKEZpXzYsJDXDmX5hc1Zqd3_ZJnf3crzD6rKpCnNtweQp4eN_8YgkJ5pS
L 04/05/2022 - 18:37:08: [get5discord.smx] Username set to Match Result Bot
L 04/05/2022 - 18:37:08: [get5discord.smx] Avatar URL set to https://i.imgur.com/rHYHg0j.png
L 04/05/2022 - 18:37:08: [get5discord.smx] Color set to 39423
L 04/05/2022 - 18:37:25: -------- Mapchange to de_dust2 --------
L 04/05/2022 - 18:42:26: Log file closed.
L 04/05/2022 - 18:42:43: SourceMod log file session started (file "/home/container/csgo/addons/sourcemod/logs/L20220405.log") (Version "1.10.0.6536")
L 04/05/2022 - 18:42:43: [get5discord.smx] Found get5discord.cfg file. Loading...
L 04/05/2022 - 18:42:43: [get5discord.smx] Webhook URL set to https://discord.com/api/webhooks/957696543127900210/6AJiWzI43fkTKEZpXzYsJDXDmX5hc1Zqd3_ZJnf3crzD6rKpCnNtweQp4eN_8YgkJ5pS
L 04/05/2022 - 18:42:43: [get5discord.smx] Username set to Match Result Bot
L 04/05/2022 - 18:42:43: [get5discord.smx] Avatar URL set to https://i.imgur.com/rHYHg0j.png
L 04/05/2022 - 18:42:43: [get5discord.smx] Color set to 39423
L 04/05/2022 - 18:43:09: -------- Mapchange to de_dust2 --------
L 04/05/2022 - 18:48:02: Log file closed.
L 04/05/2022 - 18:48:17: SourceMod log file session started (file "/home/container/csgo/addons/sourcemod/logs/L20220405.log") (Version "1.10.0.6536")
L 04/05/2022 - 18:48:17: [get5discord.smx] Found get5discord.cfg file. Loading...
L 04/05/2022 - 18:48:17: [get5discord.smx] Webhook URL set to https://discord.com/api/webhooks/957696543127900210/6AJiWzI43fkTKEZpXzYsJDXDmX5hc1Zqd3_ZJnf3crzD6rKpCnNtweQp4eN_8YgkJ5pS
L 04/05/2022 - 18:48:17: [get5discord.smx] Username set to Match Result Bot
L 04/05/2022 - 18:48:17: [get5discord.smx] Avatar URL set to https://i.imgur.com/rHYHg0j.png
L 04/05/2022 - 18:48:17: [get5discord.smx] Color set to 39423
L 04/05/2022 - 18:49:01: Log file closed.
L 04/05/2022 - 18:49:16: SourceMod log file session started (file "/home/container/csgo/addons/sourcemod/logs/L20220405.log") (Version "1.10.0.6536")
L 04/05/2022 - 18:49:16: [get5discord.smx] Found get5discord.cfg file. Loading...
L 04/05/2022 - 18:49:16: [get5discord.smx] Webhook URL set to https://discord.com/api/webhooks/957696543127900210/6AJiWzI43fkTKEZpXzYsJDXDmX5hc1Zqd3_ZJnf3crzD6rKpCnNtweQp4eN_8YgkJ5pS
L 04/05/2022 - 18:49:16: [get5discord.smx] Username set to Match Result Bot
L 04/05/2022 - 18:49:16: [get5discord.smx] Avatar URL set to https://i.imgur.com/rHYHg0j.png
L 04/05/2022 - 18:49:16: [get5discord.smx] Color set to 39423
L 04/05/2022 - 18:50:03: Log file closed.
L 04/05/2022 - 18:50:16: SourceMod log file session started (file "/home/container/csgo/addons/sourcemod/logs/L20220405.log") (Version "1.10.0.6536")
L 04/05/2022 - 18:50:16: [get5discord.smx] Found get5discord.cfg file. Loading...
L 04/05/2022 - 18:50:16: [get5discord.smx] Webhook URL set to https://discord.com/api/webhooks/957696543127900210/6AJiWzI43fkTKEZpXzYsJDXDmX5hc1Zqd3_ZJnf3crzD6rKpCnNtweQp4eN_8YgkJ5pS
L 04/05/2022 - 18:50:16: [get5discord.smx] Username set to Match Result Bot
L 04/05/2022 - 18:50:16: [get5discord.smx] Avatar URL set to https://i.imgur.com/rHYHg0j.png
L 04/05/2022 - 18:50:16: [get5discord.smx] Color set to 39423
L 04/05/2022 - 18:51:18: -------- Mapchange to de_dust2 --------
L 04/05/2022 - 18:52:07: Log file closed.
L 04/05/2022 - 18:52:27: SourceMod log file session started (file "/home/container/csgo/addons/sourcemod/logs/L20220405.log") (Version "1.10.0.6536")
L 04/05/2022 - 18:52:27: [get5discord.smx] Found get5discord.cfg file. Loading...
L 04/05/2022 - 18:52:27: [get5discord.smx] Webhook URL set to https://discord.com/api/webhooks/957696543127900210/6AJiWzI43fkTKEZpXzYsJDXDmX5hc1Zqd3_ZJnf3crzD6rKpCnNtweQp4eN_8YgkJ5pS
L 04/05/2022 - 18:52:27: [get5discord.smx] Username set to Match Result Bot
L 04/05/2022 - 18:52:27: [get5discord.smx] Avatar URL set to https://i.imgur.com/rHYHg0j.png
L 04/05/2022 - 18:52:27: [get5discord.smx] Color set to 39423
L 04/05/2022 - 18:53:08: -------- Mapchange to de_dust2 --------
L 04/05/2022 - 18:55:02: Log file closed.
L 04/05/2022 - 18:55:15: SourceMod log file session started (file "/home/container/csgo/addons/sourcemod/logs/L20220405.log") (Version "1.10.0.6536")
L 04/05/2022 - 18:55:15: [get5discord.smx] Found get5discord.cfg file. Loading...
L 04/05/2022 - 18:55:15: [get5discord.smx] Webhook URL set to https://discord.com/api/webhooks/957696543127900210/6AJiWzI43fkTKEZpXzYsJDXDmX5hc1Zqd3_ZJnf3crzD6rKpCnNtweQp4eN_8YgkJ5pS
L 04/05/2022 - 18:55:15: [get5discord.smx] Username set to Match Result Bot
L 04/05/2022 - 18:55:15: [get5discord.smx] Avatar URL set to https://i.imgur.com/rHYHg0j.png
L 04/05/2022 - 18:55:15: [get5discord.smx] Color set to 39423
L 04/05/2022 - 18:55:27: -------- Mapchange to de_dust2 --------
L 04/05/2022 - 19:39:50: -------- Mapchange to de_mirage --------
L 04/05/2022 - 19:41:28: Log file closed.
L 04/05/2022 - 19:41:48: SourceMod log file session started (file "/home/container/csgo/addons/sourcemod/logs/L20220405.log") (Version "1.10.0.6536")
L 04/05/2022 - 19:41:48: [get5discord.smx] Found get5discord.cfg file. Loading...
L 04/05/2022 - 19:41:48: [get5discord.smx] Webhook URL set to https://discord.com/api/webhooks/957696543127900210/6AJiWzI43fkTKEZpXzYsJDXDmX5hc1Zqd3_ZJnf3crzD6rKpCnNtweQp4eN_8YgkJ5pS
L 04/05/2022 - 19:41:48: [get5discord.smx] Username set to Match Result Bot
L 04/05/2022 - 19:41:48: [get5discord.smx] Avatar URL set to https://i.imgur.com/rHYHg0j.png
L 04/05/2022 - 19:41:48: [get5discord.smx] Color set to 39423
L 04/05/2022 - 19:42:06: -------- Mapchange to de_dust2 --------
L 04/05/2022 - 19:44:22: -------- Mapchange to de_dust2 --------
L 04/06/2022 - 18:27:50: Log file closed.
