L 04/22/2022 - 12:06:18: SourceMod log file session started (file "/home/container/csgo/addons/sourcemod/logs/L20220422.log") (Version "1.10.0.6536")
L 04/22/2022 - 12:06:18: [get5discord.smx] Found get5discord.cfg file. Loading...
L 04/22/2022 - 12:06:18: [get5discord.smx] Webhook URL set to https://discord.com/api/webhooks/965155432102526996/vZQRFoZFMxVGw3wVn8zF6HtymIOXLqc38B9o3YKVTdfhG9M6XyBkSywlPSl-w2R0jJAy
L 04/22/2022 - 12:06:18: [get5discord.smx] Username set to Match Result Bot
L 04/22/2022 - 12:06:18: [get5discord.smx] Avatar URL set to https://i.imgur.com/rHYHg0j.png
L 04/22/2022 - 12:06:18: [get5discord.smx] Color set to 39423
L 04/22/2022 - 12:38:04: Log file closed.
L 04/22/2022 - 12:39:50: SourceMod log file session started (file "/home/container/csgo/addons/sourcemod/logs/L20220422.log") (Version "1.10.0.6536")
L 04/22/2022 - 12:39:50: [get5discord.smx] Found get5discord.cfg file. Loading...
L 04/22/2022 - 12:39:50: [get5discord.smx] Webhook URL set to https://discord.com/api/webhooks/965155432102526996/vZQRFoZFMxVGw3wVn8zF6HtymIOXLqc38B9o3YKVTdfhG9M6XyBkSywlPSl-w2R0jJAy
L 04/22/2022 - 12:39:50: [get5discord.smx] Username set to Match Result Bot
L 04/22/2022 - 12:39:50: [get5discord.smx] Avatar URL set to https://i.imgur.com/rHYHg0j.png
L 04/22/2022 - 12:39:50: [get5discord.smx] Color set to 39423
L 04/22/2022 - 12:40:41: Log file closed.
L 04/22/2022 - 12:40:55: SourceMod log file session started (file "/home/container/csgo/addons/sourcemod/logs/L20220422.log") (Version "1.10.0.6536")
L 04/22/2022 - 12:40:55: [get5discord.smx] Found get5discord.cfg file. Loading...
L 04/22/2022 - 12:40:55: [get5discord.smx] Webhook URL set to https://discord.com/api/webhooks/965155432102526996/vZQRFoZFMxVGw3wVn8zF6HtymIOXLqc38B9o3YKVTdfhG9M6XyBkSywlPSl-w2R0jJAy
L 04/22/2022 - 12:40:55: [get5discord.smx] Username set to Match Result Bot
L 04/22/2022 - 12:40:55: [get5discord.smx] Avatar URL set to https://i.imgur.com/rHYHg0j.png
L 04/22/2022 - 12:40:55: [get5discord.smx] Color set to 39423
L 04/22/2022 - 12:42:36: SourceMod log file session started (file "/home/container/csgo/addons/sourcemod/logs/L20220422.log") (Version "1.10.0.6536")
L 04/22/2022 - 12:42:36: [get5discord.smx] Found get5discord.cfg file. Loading...
L 04/22/2022 - 12:42:36: [get5discord.smx] Webhook URL set to https://discord.com/api/webhooks/965155432102526996/vZQRFoZFMxVGw3wVn8zF6HtymIOXLqc38B9o3YKVTdfhG9M6XyBkSywlPSl-w2R0jJAy
L 04/22/2022 - 12:42:36: [get5discord.smx] Username set to Match Result Bot
L 04/22/2022 - 12:42:36: [get5discord.smx] Avatar URL set to https://i.imgur.com/rHYHg0j.png
L 04/22/2022 - 12:42:36: [get5discord.smx] Color set to 39423
L 04/22/2022 - 12:49:23: [get5discord.smx] Sending request to https://discord.com/api/webhooks/965155432102526996/vZQRFoZFMxVGw3wVn8zF6HtymIOXLqc38B9o3YKVTdfhG9M6XyBkSywlPSl-w2R0jJAy
L 04/22/2022 - 13:04:03: Log file closed.
L 04/22/2022 - 13:04:20: SourceMod log file session started (file "/home/container/csgo/addons/sourcemod/logs/L20220422.log") (Version "1.10.0.6536")
L 04/22/2022 - 13:04:20: [get5discord.smx] Found get5discord.cfg file. Loading...
L 04/22/2022 - 13:04:20: [get5discord.smx] Webhook URL set to https://discord.com/api/webhooks/965155432102526996/vZQRFoZFMxVGw3wVn8zF6HtymIOXLqc38B9o3YKVTdfhG9M6XyBkSywlPSl-w2R0jJAy
L 04/22/2022 - 13:04:20: [get5discord.smx] Username set to Match Result Bot
L 04/22/2022 - 13:04:20: [get5discord.smx] Avatar URL set to https://i.imgur.com/rHYHg0j.png
L 04/22/2022 - 13:04:20: [get5discord.smx] Color set to 39423
L 04/23/2022 - 13:50:14: Log file closed.
