L 04/08/2022 - 18:59:25: SourceMod log file session started (file "/home/container/csgo/addons/sourcemod/logs/L20220408.log") (Version "1.10.0.6536")
L 04/08/2022 - 18:59:25: [get5discord.smx] Found get5discord.cfg file. Loading...
L 04/08/2022 - 18:59:25: [get5discord.smx] Webhook URL set to https://discord.com/api/webhooks/957696543127900210/6AJiWzI43fkTKEZpXzYsJDXDmX5hc1Zqd3_ZJnf3crzD6rKpCnNtweQp4eN_8YgkJ5pS
L 04/08/2022 - 18:59:25: [get5discord.smx] Username set to Match Result Bot
L 04/08/2022 - 18:59:25: [get5discord.smx] Avatar URL set to https://i.imgur.com/rHYHg0j.png
L 04/08/2022 - 18:59:25: [get5discord.smx] Color set to 39423
L 04/08/2022 - 18:59:46: -------- Mapchange to de_dust2 --------
L 04/08/2022 - 19:41:56: -------- Mapchange to de_inferno --------
L 04/08/2022 - 19:42:51: [get5.smx] Recording to 1_1_1_1_test_-_test2_map1_de_inferno.dem
L 04/08/2022 - 19:47:04: [get5discord.smx] Sending request to https://discord.com/api/webhooks/957696543127900210/6AJiWzI43fkTKEZpXzYsJDXDmX5hc1Zqd3_ZJnf3crzD6rKpCnNtweQp4eN_8YgkJ5pS
L 04/08/2022 - 19:47:14: Log file closed.
L 04/08/2022 - 19:47:31: SourceMod log file session started (file "/home/container/csgo/addons/sourcemod/logs/L20220408.log") (Version "1.10.0.6536")
L 04/08/2022 - 19:47:31: [get5discord.smx] Found get5discord.cfg file. Loading...
L 04/08/2022 - 19:47:31: [get5discord.smx] Webhook URL set to https://discord.com/api/webhooks/957696543127900210/6AJiWzI43fkTKEZpXzYsJDXDmX5hc1Zqd3_ZJnf3crzD6rKpCnNtweQp4eN_8YgkJ5pS
L 04/08/2022 - 19:47:31: [get5discord.smx] Username set to Match Result Bot
L 04/08/2022 - 19:47:31: [get5discord.smx] Avatar URL set to https://i.imgur.com/rHYHg0j.png
L 04/08/2022 - 19:47:31: [get5discord.smx] Color set to 39423
L 04/08/2022 - 19:47:43: -------- Mapchange to de_dust2 --------
L 04/08/2022 - 19:49:21: [get5discord.smx] Sending request to https://discord.com/api/webhooks/957696543127900210/6AJiWzI43fkTKEZpXzYsJDXDmX5hc1Zqd3_ZJnf3crzD6rKpCnNtweQp4eN_8YgkJ5pS
L 04/08/2022 - 19:49:32: -------- Mapchange to de_nuke --------
L 04/08/2022 - 19:50:36: [get5discord.smx] Sending request to https://discord.com/api/webhooks/957696543127900210/6AJiWzI43fkTKEZpXzYsJDXDmX5hc1Zqd3_ZJnf3crzD6rKpCnNtweQp4eN_8YgkJ5pS
L 04/08/2022 - 19:50:47: -------- Mapchange to de_nuke --------
L 04/08/2022 - 19:52:16: [get5discord.smx] Sending request to https://discord.com/api/webhooks/957696543127900210/6AJiWzI43fkTKEZpXzYsJDXDmX5hc1Zqd3_ZJnf3crzD6rKpCnNtweQp4eN_8YgkJ5pS
L 04/08/2022 - 19:54:13: -------- Mapchange to de_nuke --------
L 04/08/2022 - 19:54:36: [get5discord.smx] Sending request to https://discord.com/api/webhooks/957696543127900210/6AJiWzI43fkTKEZpXzYsJDXDmX5hc1Zqd3_ZJnf3crzD6rKpCnNtweQp4eN_8YgkJ5pS
L 04/08/2022 - 19:55:33: -------- Mapchange to de_nuke --------
L 04/08/2022 - 19:55:59: [get5discord.smx] Sending request to https://discord.com/api/webhooks/957696543127900210/6AJiWzI43fkTKEZpXzYsJDXDmX5hc1Zqd3_ZJnf3crzD6rKpCnNtweQp4eN_8YgkJ5pS
L 04/08/2022 - 19:57:15: [get5discord.smx] Sending request to https://discord.com/api/webhooks/957696543127900210/6AJiWzI43fkTKEZpXzYsJDXDmX5hc1Zqd3_ZJnf3crzD6rKpCnNtweQp4eN_8YgkJ5pS
L 04/08/2022 - 19:58:00: [get5discord.smx] Sending request to https://discord.com/api/webhooks/957696543127900210/6AJiWzI43fkTKEZpXzYsJDXDmX5hc1Zqd3_ZJnf3crzD6rKpCnNtweQp4eN_8YgkJ5pS
L 04/08/2022 - 19:59:56: [get5discord.smx] Sending request to https://discord.com/api/webhooks/957696543127900210/6AJiWzI43fkTKEZpXzYsJDXDmX5hc1Zqd3_ZJnf3crzD6rKpCnNtweQp4eN_8YgkJ5pS
L 04/08/2022 - 20:00:53: Log file closed.
L 04/08/2022 - 20:01:08: SourceMod log file session started (file "/home/container/csgo/addons/sourcemod/logs/L20220408.log") (Version "1.10.0.6536")
L 04/08/2022 - 20:01:08: [get5discord.smx] Found get5discord.cfg file. Loading...
L 04/08/2022 - 20:01:08: [get5discord.smx] Webhook URL set to https://discord.com/api/webhooks/957696543127900210/6AJiWzI43fkTKEZpXzYsJDXDmX5hc1Zqd3_ZJnf3crzD6rKpCnNtweQp4eN_8YgkJ5pS
L 04/08/2022 - 20:01:08: [get5discord.smx] Username set to Match Result Bot
L 04/08/2022 - 20:01:08: [get5discord.smx] Avatar URL set to https://i.imgur.com/rHYHg0j.png
L 04/08/2022 - 20:01:08: [get5discord.smx] Color set to 39423
L 04/08/2022 - 20:01:19: -------- Mapchange to de_dust2 --------
L 04/08/2022 - 20:02:23: [get5discord.smx] Sending request to https://discord.com/api/webhooks/957696543127900210/6AJiWzI43fkTKEZpXzYsJDXDmX5hc1Zqd3_ZJnf3crzD6rKpCnNtweQp4eN_8YgkJ5pS
L 04/08/2022 - 20:04:16: -------- Mapchange to de_dust2 --------
L 04/08/2022 - 20:04:37: [get5discord.smx] Sending request to https://discord.com/api/webhooks/957696543127900210/6AJiWzI43fkTKEZpXzYsJDXDmX5hc1Zqd3_ZJnf3crzD6rKpCnNtweQp4eN_8YgkJ5pS
L 04/08/2022 - 20:05:03: Log file closed.
L 04/08/2022 - 20:06:59: SourceMod log file session started (file "/home/container/csgo/addons/sourcemod/logs/L20220408.log") (Version "1.10.0.6536")
L 04/08/2022 - 20:06:59: [get5discord.smx] Found get5discord.cfg file. Loading...
L 04/08/2022 - 20:06:59: [get5discord.smx] Webhook URL set to https://discord.com/api/webhooks/960643373096640512/XrcNF1LU5vMpx1yi9y3cL7hMgGvVKd3nWJy_lRs6cdPgKxT2lr0qDm3KQjSFoN6r-8Si
L 04/08/2022 - 20:06:59: [get5discord.smx] Username set to Match Result Bot
L 04/08/2022 - 20:06:59: [get5discord.smx] Avatar URL set to https://i.imgur.com/rHYHg0j.png
L 04/08/2022 - 20:06:59: [get5discord.smx] Color set to 39423
L 04/08/2022 - 20:07:09: -------- Mapchange to de_dust2 --------
L 04/08/2022 - 20:07:37: [get5discord.smx] Sending request to https://discord.com/api/webhooks/960643373096640512/XrcNF1LU5vMpx1yi9y3cL7hMgGvVKd3nWJy_lRs6cdPgKxT2lr0qDm3KQjSFoN6r-8Si
L 04/08/2022 - 20:13:48: Log file closed.
