L 04/29/2022 - 09:28:40: SourceMod log file session started (file "/home/container/csgo/addons/sourcemod/logs/L20220429.log") (Version "1.10.0.6536")
L 04/29/2022 - 09:28:40: [get5discord.smx] Found get5discord.cfg file. Loading...
L 04/29/2022 - 09:28:40: [get5discord.smx] Webhook URL set to https://discord.com/api/webhooks/965155432102526996/vZQRFoZFMxVGw3wVn8zF6HtymIOXLqc38B9o3YKVTdfhG9M6XyBkSywlPSl-w2R0jJAy
L 04/29/2022 - 09:28:40: [get5discord.smx] Username set to Match Result Bot
L 04/29/2022 - 09:28:40: [get5discord.smx] Avatar URL set to https://i.imgur.com/rHYHg0j.png
L 04/29/2022 - 09:28:40: [get5discord.smx] Color set to 39423
L 04/29/2022 - 10:04:41: -------- Mapchange to de_dust2 --------
L 04/29/2022 - 10:50:34: Log file closed.
L 04/29/2022 - 10:52:13: SourceMod log file session started (file "/home/container/csgo/addons/sourcemod/logs/L20220429.log") (Version "1.10.0.6536")
L 04/29/2022 - 10:52:13: [get5discord.smx] Found get5discord.cfg file. Loading...
L 04/29/2022 - 10:52:13: [get5discord.smx] Webhook URL set to https://discord.com/api/webhooks/965155432102526996/vZQRFoZFMxVGw3wVn8zF6HtymIOXLqc38B9o3YKVTdfhG9M6XyBkSywlPSl-w2R0jJAy
L 04/29/2022 - 10:52:13: [get5discord.smx] Username set to Match Result Bot
L 04/29/2022 - 10:52:13: [get5discord.smx] Avatar URL set to https://i.imgur.com/rHYHg0j.png
L 04/29/2022 - 10:52:13: [get5discord.smx] Color set to 39423
L 04/29/2022 - 10:55:51: Log file closed.
L 04/29/2022 - 10:56:23: SourceMod log file session started (file "/home/container/csgo/addons/sourcemod/logs/L20220429.log") (Version "1.10.0.6536")
L 04/29/2022 - 10:56:23: [get5discord.smx] Found get5discord.cfg file. Loading...
L 04/29/2022 - 10:56:23: [get5discord.smx] Webhook URL set to https://discord.com/api/webhooks/965155432102526996/vZQRFoZFMxVGw3wVn8zF6HtymIOXLqc38B9o3YKVTdfhG9M6XyBkSywlPSl-w2R0jJAy
L 04/29/2022 - 10:56:23: [get5discord.smx] Username set to Match Result Bot
L 04/29/2022 - 10:56:23: [get5discord.smx] Avatar URL set to https://i.imgur.com/rHYHg0j.png
L 04/29/2022 - 10:56:23: [get5discord.smx] Color set to 39423
L 04/29/2022 - 11:24:20: Log file closed.
L 04/29/2022 - 11:25:00: SourceMod log file session started (file "/home/container/csgo/addons/sourcemod/logs/L20220429.log") (Version "1.10.0.6536")
L 04/29/2022 - 11:25:00: [get5discord.smx] Found get5discord.cfg file. Loading...
L 04/29/2022 - 11:25:00: [get5discord.smx] Webhook URL set to https://discord.com/api/webhooks/965155432102526996/vZQRFoZFMxVGw3wVn8zF6HtymIOXLqc38B9o3YKVTdfhG9M6XyBkSywlPSl-w2R0jJAy
L 04/29/2022 - 11:25:00: [get5discord.smx] Username set to Match Result Bot
L 04/29/2022 - 11:25:00: [get5discord.smx] Avatar URL set to https://i.imgur.com/rHYHg0j.png
L 04/29/2022 - 11:25:00: [get5discord.smx] Color set to 39423
L 04/29/2022 - 12:00:03: Log file closed.
L 04/29/2022 - 12:01:43: SourceMod log file session started (file "/home/container/csgo/addons/sourcemod/logs/L20220429.log") (Version "1.10.0.6536")
L 04/29/2022 - 12:01:43: [get5discord.smx] Found get5discord.cfg file. Loading...
L 04/29/2022 - 12:01:43: [get5discord.smx] Webhook URL set to https://discord.com/api/webhooks/965155432102526996/vZQRFoZFMxVGw3wVn8zF6HtymIOXLqc38B9o3YKVTdfhG9M6XyBkSywlPSl-w2R0jJAy
L 04/29/2022 - 12:01:43: [get5discord.smx] Username set to Match Result Bot
L 04/29/2022 - 12:01:43: [get5discord.smx] Avatar URL set to https://i.imgur.com/rHYHg0j.png
L 04/29/2022 - 12:01:43: [get5discord.smx] Color set to 39423
L 04/29/2022 - 16:21:31: [get5discord.smx] Sending request to https://discord.com/api/webhooks/965155432102526996/vZQRFoZFMxVGw3wVn8zF6HtymIOXLqc38B9o3YKVTdfhG9M6XyBkSywlPSl-w2R0jJAy
